<?xml version="1.0" encoding="UTF-8"?>
<!-- Generated by org.testng.reporters.JUnitReportReporter -->
<testsuite hostname="DESKTOP-4ADLIM9" failures="0" tests="2" name="testNGParallelExecution.TestNg3" time="0.019" errors="0" timestamp="2023-01-23T14:01:19 IST" skipped="0">
  <testcase classname="testNGParallelExecution.TestNg3" name="method2" time="0.004"/>
  <system-out>
    <![CDATA[i am method2]]>
  </system-out>
  <testcase classname="testNGParallelExecution.TestNg3" name="method1" time="0.015"/>
  <system-out>
    <![CDATA[i am method1]]>
  </system-out>
</testsuite> <!-- testNGParallelExecution.TestNg3 -->
