<?xml version="1.0" encoding="UTF-8"?>
<!-- Generated by org.testng.reporters.JUnitReportReporter -->
<testsuite hostname="DESKTOP-4ADLIM9" failures="0" tests="2" name="testNGParallelExecution.TestNg4" time="0.012" errors="0" timestamp="2023-01-23T14:42:10 IST" skipped="0">
  <testcase classname="testNGParallelExecution.TestNg4" name="tomorrow" time="0.002"/>
  <system-out>
    <![CDATA[tomorrow method17is the thread]]>
  </system-out>
  <testcase classname="testNGParallelExecution.TestNg4" name="today" time="0.010"/>
  <system-out>
    <![CDATA[today method17is the thread]]>
  </system-out>
</testsuite> <!-- testNGParallelExecution.TestNg4 -->
