<?xml version="1.0" encoding="UTF-8"?>
<!-- Generated by org.testng.reporters.JUnitReportReporter -->
<testsuite hostname="DESKTOP-4ADLIM9" failures="0" tests="1" name="testNGParallelExecution.Testng1" time="0.013" errors="0" timestamp="2023-01-23T13:54:54 IST" skipped="0">
  <testcase classname="testNGParallelExecution.Testng1" name="m1" time="0.013"/>
  <system-out>
    <![CDATA[m1 method]]>
  </system-out>
</testsuite> <!-- testNGParallelExecution.Testng1 -->
