<?xml version="1.0" encoding="UTF-8"?>
<!-- Generated by org.testng.reporters.JUnitReportReporter -->
<testsuite hostname="DESKTOP-4ADLIM9" failures="0" tests="3" name="testNGpack.Remo" time="0.007" errors="0" timestamp="2023-01-20T13:41:45 IST" skipped="0">
  <testcase classname="testNGpack.Remo" name="remo" time="0.004"/>
  <system-out>
    <![CDATA[this is remo method]]>
  </system-out>
  <testcase classname="testNGpack.Remo" name="remo1" time="0.002"/>
  <system-out>
    <![CDATA[this is remo1 method]]>
  </system-out>
  <testcase classname="testNGpack.Remo" name="remo2" time="0.001"/>
  <system-out>
    <![CDATA[this is remo2 method]]>
  </system-out>
</testsuite> <!-- testNGpack.Remo -->
