<?xml version="1.0" encoding="UTF-8"?>
<!-- Generated by org.testng.reporters.JUnitReportReporter -->
<testsuite hostname="DESKTOP-4ADLIM9" failures="0" tests="3" name="testNGpack.Demo" time="0.013" errors="0" timestamp="2023-01-21T15:06:08 IST" skipped="0">
  <testcase classname="testNGpack.Demo" name="demo" time="0.009"/>
  <system-out>
    <![CDATA[This is demo method!! ]]>
  </system-out>
  <testcase classname="testNGpack.Demo" name="demo2" time="0.002"/>
  <system-out>
    <![CDATA[This is demo2 method!! ]]>
  </system-out>
  <testcase classname="testNGpack.Demo" name="demo1" time="0.002"/>
  <system-out>
    <![CDATA[This is demo1 method!! ]]>
  </system-out>
</testsuite> <!-- testNGpack.Demo -->
