<?xml version="1.0" encoding="UTF-8"?>
<!-- Generated by org.testng.reporters.JUnitReportReporter -->
<testsuite hostname="DESKTOP-4ADLIM9" failures="0" tests="1" name="testNGPack2.Flag3" time="2.777" errors="0" timestamp="2023-01-21T15:00:08 IST" skipped="0">
  <testcase classname="testNGPack2.Flag3" name="f" time="2.777"/>
  <system-out/>
</testsuite> <!-- testNGPack2.Flag3 -->
