<?xml version="1.0" encoding="UTF-8"?>
<!-- Generated by org.testng.reporters.JUnitReportReporter -->
<testsuite hostname="DESKTOP-4ADLIM9" failures="0" tests="2" name="testNGPack2.NoAnnotations" time="0.026" errors="0" timestamp="2023-01-21T15:00:22 IST" skipped="0">
  <testcase classname="testNGPack2.NoAnnotations" name="test" time="0.016"/>
  <system-out>
    <![CDATA[@Test Annotation]]>
  </system-out>
  <testcase classname="testNGPack2.NoAnnotations" name="test1" time="0.010"/>
  <system-out>
    <![CDATA[@Test1 Annotation]]>
  </system-out>
</testsuite> <!-- testNGPack2.NoAnnotations -->
