<?xml version="1.0" encoding="UTF-8"?>
<!-- Generated by org.testng.reporters.JUnitReportReporter -->
<testsuite hostname="DESKTOP-4ADLIM9" failures="0" tests="3" name="testNGpack.Sumo" time="0.007" errors="0" timestamp="2023-01-20T13:41:45 IST" skipped="0">
  <testcase classname="testNGpack.Sumo" name="sumo" time="0.001"/>
  <system-out>
    <![CDATA[this is sumo method]]>
  </system-out>
  <testcase classname="testNGpack.Sumo" name="sumo1" time="0.005"/>
  <system-out>
    <![CDATA[this is sumo1 method]]>
  </system-out>
  <testcase classname="testNGpack.Sumo" name="sumo2" time="0.001"/>
  <system-out>
    <![CDATA[this is sumo2 method]]>
  </system-out>
</testsuite> <!-- testNGpack.Sumo -->
