<?xml version="1.0" encoding="UTF-8"?>
<!-- Generated by org.testng.reporters.JUnitReportReporter -->
<testsuite hostname="DESKTOP-4ADLIM9" failures="0" tests="1" name="testNGPack2.Class3" time="6.748" errors="0" timestamp="2023-01-23T13:49:51 IST" skipped="0">
  <testcase classname="testNGPack2.Class3" name="java" time="6.748"/>
  <system-out/>
</testsuite> <!-- testNGPack2.Class3 -->
