<?xml version="1.0" encoding="UTF-8"?>
<!-- Generated by org.testng.reporters.JUnitReportReporter -->
<testsuite hostname="DESKTOP-4ADLIM9" failures="0" tests="3" name="testNGPack2.Flag4" time="0.013" errors="0" timestamp="2023-01-20T14:44:07 IST" skipped="0">
  <testcase classname="testNGPack2.Flag4" name="createUser" time="0.001"/>
  <system-out>
    <![CDATA[User Created!!]]>
  </system-out>
  <testcase classname="testNGPack2.Flag4" name="logOutMethod" time="0.002"/>
  <system-out>
    <![CDATA[LogOut is Done!!]]>
  </system-out>
  <testcase classname="testNGPack2.Flag4" name="logInMethod" time="0.010"/>
  <system-out>
    <![CDATA[LogIn is Done!!]]>
  </system-out>
</testsuite> <!-- testNGPack2.Flag4 -->
