<?xml version="1.0" encoding="UTF-8"?>
<!-- Generated by org.testng.reporters.JUnitReportReporter -->
<testsuite hostname="DESKTOP-4ADLIM9" failures="0" tests="1" name="testNGParallelExecution.TestNg2" time="0.013" errors="0" timestamp="2023-01-23T13:54:54 IST" skipped="0">
  <testcase classname="testNGParallelExecution.TestNg2" name="m2" time="0.013"/>
  <system-out>
    <![CDATA[m2 method]]>
  </system-out>
</testsuite> <!-- testNGParallelExecution.TestNg2 -->
